<?xml version="1.0" encoding="UTF-8"?>
<!-- Generated by org.testng.reporters.JUnitReportReporter -->
<testsuite skipped="0" hostname="DESKTOP-TPAFM3D" name="com.study.webTest.TestNGWebTest" tests="9" failures="0" timestamp="2021-12-28T16:41:03 CST" time="25.077" errors="0">
  <testcase name="webTestByUseDatabase" time="2.677" classname="com.study.webTest.TestNGWebTest"/>
  <system-out/>
  <testcase name="webTestByUseDatabase" time="2.784" classname="com.study.webTest.TestNGWebTest"/>
  <system-out/>
  <testcase name="webTestByUseDatabase" time="2.692" classname="com.study.webTest.TestNGWebTest"/>
  <system-out/>
  <testcase name="webTestByUseDatabase" time="2.705" classname="com.study.webTest.TestNGWebTest"/>
  <system-out/>
  <testcase name="webTestByUseDatabase" time="2.828" classname="com.study.webTest.TestNGWebTest"/>
  <system-out/>
  <testcase name="webTestByUseDatabase" time="2.775" classname="com.study.webTest.TestNGWebTest"/>
  <system-out/>
  <testcase name="webTestByUseDatabase" time="3.057" classname="com.study.webTest.TestNGWebTest"/>
  <system-out/>
  <testcase name="webTestByUseDatabase" time="2.814" classname="com.study.webTest.TestNGWebTest"/>
  <system-out/>
  <testcase name="webTestByUseDatabase" time="2.745" classname="com.study.webTest.TestNGWebTest"/>
  <system-out/>
</testsuite> <!-- com.study.webTest.TestNGWebTest -->
